23:40:03.513 INFO [main] org.lenskit.cli.Main: Starting LensKit 3.0-M1 on Java 1.8.0_131 from Oracle Corporation
23:40:03.674 DEBUG [main] org.lenskit.LenskitInfo: have 5573 active revisions
23:40:03.688 DEBUG [main] org.lenskit.cli.Main: Built from Git revision c0210fa3281ef8b15b0959bcd5fced43c5fec38a
23:40:03.688 DEBUG [main] org.lenskit.cli.Main: Using VM 'OpenJDK 64-Bit Server VM' version 25.131-b11 from Oracle Corporation
23:40:03.689 INFO [main] org.lenskit.cli.Main: Have 4 processors and heap limit of 852 MiB
23:40:03.764 INFO [main] org.lenskit.cli.util.RecommenderLoader: creating fresh recommender
23:40:04.411 INFO [main] org.lenskit.config.ConfigurationLoader: loading script from file:/home/mahendra/Downloads/ii-assignment/etc/item-item.groovy
23:40:05.389 DEBUG [main] org.lenskit.data.dao.file.TextEntitySource: loading source ratings with base URI file:/home/mahendra/Downloads/ii-assignment/data/movielens.yml
23:40:05.389 DEBUG [main] org.lenskit.data.dao.file.TextEntitySource: resolved file URI: file:/home/mahendra/Downloads/ii-assignment/data/ratings.csv
23:40:05.447 INFO [main] org.lenskit.data.dao.file.TextEntitySource: loading text file source ratings to read from file:/home/mahendra/Downloads/ii-assignment/data/ratings.csv
23:40:05.458 DEBUG [main] org.lenskit.data.dao.file.TextEntitySource: ratings: using delimiter ,
23:40:05.458 DEBUG [main] org.lenskit.data.dao.file.TextEntitySource: ratings: reading header
23:40:05.458 DEBUG [main] org.lenskit.data.dao.file.TextEntitySource: ratings: reading entities of type EntityType[rating]
23:40:05.507 DEBUG [main] org.lenskit.data.dao.file.TextEntitySource: class org.lenskit.data.ratings.RatingBuilder: using entity builder {}
23:40:05.508 DEBUG [main] org.lenskit.data.dao.file.TextEntitySource: loading source movies with base URI file:/home/mahendra/Downloads/ii-assignment/data/movielens.yml
23:40:05.508 DEBUG [main] org.lenskit.data.dao.file.TextEntitySource: resolved file URI: file:/home/mahendra/Downloads/ii-assignment/data/movies.csv
23:40:05.508 INFO [main] org.lenskit.data.dao.file.TextEntitySource: loading text file source movies to read from file:/home/mahendra/Downloads/ii-assignment/data/movies.csv
23:40:05.508 DEBUG [main] org.lenskit.data.dao.file.TextEntitySource: movies: using delimiter ,
23:40:05.508 DEBUG [main] org.lenskit.data.dao.file.TextEntitySource: movies: reading header
23:40:05.508 DEBUG [main] org.lenskit.data.dao.file.TextEntitySource: movies: reading entities of type EntityType[item]
23:40:05.509 DEBUG [main] org.lenskit.data.dao.file.TextEntitySource: class org.lenskit.data.entities.BasicEntityBuilder: using entity builder {}
23:40:05.509 DEBUG [main] org.lenskit.data.dao.file.TextEntitySource: loading source tags with base URI file:/home/mahendra/Downloads/ii-assignment/data/movielens.yml
23:40:05.509 DEBUG [main] org.lenskit.data.dao.file.TextEntitySource: resolved file URI: file:/home/mahendra/Downloads/ii-assignment/data/tags.csv
23:40:05.509 INFO [main] org.lenskit.data.dao.file.TextEntitySource: loading text file source tags to read from file:/home/mahendra/Downloads/ii-assignment/data/tags.csv
23:40:05.509 DEBUG [main] org.lenskit.data.dao.file.TextEntitySource: tags: using delimiter ,
23:40:05.509 DEBUG [main] org.lenskit.data.dao.file.TextEntitySource: tags: reading header
23:40:05.509 DEBUG [main] org.lenskit.data.dao.file.TextEntitySource: tags: reading entities of type EntityType[item-tag]
23:40:05.510 DEBUG [main] org.lenskit.data.dao.file.TextEntitySource: class org.lenskit.data.entities.BasicEntityBuilder: using entity builder {}
23:40:05.525 DEBUG [main] org.lenskit.LenskitRecommenderEngineBuilder: building graph from 3 configurations
23:40:05.775 DEBUG [main] org.lenskit.inject.RecommenderInstantiator: replacing nodes in graph with 13 nodes
23:40:05.783 DEBUG [main] org.lenskit.inject.RecommenderInstantiator: found 2 shared nodes
23:40:08.393 INFO [main] org.lenskit.data.dao.file.StaticDataSource: deriving entity type EntityType[user] from EntityType[rating] (column TypedName[user: long])
23:40:08.532 INFO [main] org.lenskit.data.dao.file.StaticDataSource: deriving entity type EntityType[item] from EntityType[rating] (column TypedName[item: long])
23:40:08.640 DEBUG [main] org.lenskit.data.entities.EntityCollectionBuilder: built collection of 2500 entities with type EntityType[item] and 2 indexes
23:40:08.680 DEBUG [main] org.lenskit.data.entities.EntityCollectionBuilder: built collection of 264505 entities with type EntityType[rating] and 2 indexes
23:40:08.696 DEBUG [main] org.lenskit.data.entities.EntityCollectionBuilder: built collection of 94875 entities with type EntityType[item-tag] and 2 indexes
23:40:08.697 DEBUG [main] org.lenskit.data.entities.EntityCollectionBuilder: built collection of 862 entities with type EntityType[user] and 2 indexes
23:40:31.297 DEBUG [main] org.lenskit.inject.RecommenderInstantiator: final graph has 13 nodes
23:40:31.298 INFO [main] org.lenskit.cli.util.RecommenderLoader: built recommender in 25.77 s
23:40:31.355 INFO [main] org.lenskit.cli.commands.GlobalRecommend: using 4 reference items: [260, 153, 527, 588]
23:40:31.415 INFO [main] org.lenskit.cli.commands.GlobalRecommend: recommended in 59.73 ms
23:40:31.415 INFO [main] org.lenskit.cli.Main: If you use LensKit in published research, please see http://lenskit.org/research/
