23:40:32.031 INFO [main] org.lenskit.cli.Main: Starting LensKit 3.0-M1 on Java 1.8.0_131 from Oracle Corporation
23:40:32.073 DEBUG [main] org.lenskit.LenskitInfo: have 5573 active revisions
23:40:32.085 DEBUG [main] org.lenskit.cli.Main: Built from Git revision c0210fa3281ef8b15b0959bcd5fced43c5fec38a
23:40:32.086 DEBUG [main] org.lenskit.cli.Main: Using VM 'OpenJDK 64-Bit Server VM' version 25.131-b11 from Oracle Corporation
23:40:32.086 INFO [main] org.lenskit.cli.Main: Have 4 processors and heap limit of 852 MiB
23:40:32.116 INFO [main] org.lenskit.cli.util.RecommenderLoader: creating fresh recommender
23:40:32.508 INFO [main] org.lenskit.config.ConfigurationLoader: loading script from file:/home/mahendra/Downloads/ii-assignment/etc/item-item.groovy
23:40:33.127 DEBUG [main] org.lenskit.data.dao.file.TextEntitySource: loading source ratings with base URI file:/home/mahendra/Downloads/ii-assignment/data/movielens.yml
23:40:33.127 DEBUG [main] org.lenskit.data.dao.file.TextEntitySource: resolved file URI: file:/home/mahendra/Downloads/ii-assignment/data/ratings.csv
23:40:33.142 INFO [main] org.lenskit.data.dao.file.TextEntitySource: loading text file source ratings to read from file:/home/mahendra/Downloads/ii-assignment/data/ratings.csv
23:40:33.156 DEBUG [main] org.lenskit.data.dao.file.TextEntitySource: ratings: using delimiter ,
23:40:33.156 DEBUG [main] org.lenskit.data.dao.file.TextEntitySource: ratings: reading header
23:40:33.156 DEBUG [main] org.lenskit.data.dao.file.TextEntitySource: ratings: reading entities of type EntityType[rating]
23:40:33.224 DEBUG [main] org.lenskit.data.dao.file.TextEntitySource: class org.lenskit.data.ratings.RatingBuilder: using entity builder {}
23:40:33.225 DEBUG [main] org.lenskit.data.dao.file.TextEntitySource: loading source movies with base URI file:/home/mahendra/Downloads/ii-assignment/data/movielens.yml
23:40:33.225 DEBUG [main] org.lenskit.data.dao.file.TextEntitySource: resolved file URI: file:/home/mahendra/Downloads/ii-assignment/data/movies.csv
23:40:33.225 INFO [main] org.lenskit.data.dao.file.TextEntitySource: loading text file source movies to read from file:/home/mahendra/Downloads/ii-assignment/data/movies.csv
23:40:33.225 DEBUG [main] org.lenskit.data.dao.file.TextEntitySource: movies: using delimiter ,
23:40:33.225 DEBUG [main] org.lenskit.data.dao.file.TextEntitySource: movies: reading header
23:40:33.225 DEBUG [main] org.lenskit.data.dao.file.TextEntitySource: movies: reading entities of type EntityType[item]
23:40:33.226 DEBUG [main] org.lenskit.data.dao.file.TextEntitySource: class org.lenskit.data.entities.BasicEntityBuilder: using entity builder {}
23:40:33.226 DEBUG [main] org.lenskit.data.dao.file.TextEntitySource: loading source tags with base URI file:/home/mahendra/Downloads/ii-assignment/data/movielens.yml
23:40:33.226 DEBUG [main] org.lenskit.data.dao.file.TextEntitySource: resolved file URI: file:/home/mahendra/Downloads/ii-assignment/data/tags.csv
23:40:33.226 INFO [main] org.lenskit.data.dao.file.TextEntitySource: loading text file source tags to read from file:/home/mahendra/Downloads/ii-assignment/data/tags.csv
23:40:33.226 DEBUG [main] org.lenskit.data.dao.file.TextEntitySource: tags: using delimiter ,
23:40:33.226 DEBUG [main] org.lenskit.data.dao.file.TextEntitySource: tags: reading header
23:40:33.227 DEBUG [main] org.lenskit.data.dao.file.TextEntitySource: tags: reading entities of type EntityType[item-tag]
23:40:33.227 DEBUG [main] org.lenskit.data.dao.file.TextEntitySource: class org.lenskit.data.entities.BasicEntityBuilder: using entity builder {}
23:40:33.237 DEBUG [main] org.lenskit.LenskitRecommenderEngineBuilder: building graph from 3 configurations
23:40:33.397 DEBUG [main] org.lenskit.inject.RecommenderInstantiator: replacing nodes in graph with 13 nodes
23:40:33.406 DEBUG [main] org.lenskit.inject.RecommenderInstantiator: found 2 shared nodes
23:40:35.382 INFO [main] org.lenskit.data.dao.file.StaticDataSource: deriving entity type EntityType[user] from EntityType[rating] (column TypedName[user: long])
23:40:35.514 INFO [main] org.lenskit.data.dao.file.StaticDataSource: deriving entity type EntityType[item] from EntityType[rating] (column TypedName[item: long])
23:40:35.556 DEBUG [main] org.lenskit.data.entities.EntityCollectionBuilder: built collection of 2500 entities with type EntityType[item] and 2 indexes
23:40:35.591 DEBUG [main] org.lenskit.data.entities.EntityCollectionBuilder: built collection of 264505 entities with type EntityType[rating] and 2 indexes
23:40:35.609 DEBUG [main] org.lenskit.data.entities.EntityCollectionBuilder: built collection of 94875 entities with type EntityType[item-tag] and 2 indexes
23:40:35.610 DEBUG [main] org.lenskit.data.entities.EntityCollectionBuilder: built collection of 862 entities with type EntityType[user] and 2 indexes
23:40:56.970 DEBUG [main] org.lenskit.inject.RecommenderInstantiator: final graph has 13 nodes
23:40:56.972 INFO [main] org.lenskit.cli.util.RecommenderLoader: built recommender in 23.73 s
23:40:56.979 INFO [main] org.lenskit.cli.commands.Predict: predicting 4 items
23:40:57.060 INFO [main] org.lenskit.cli.commands.Predict: predicted for 4 items in 80.43 ms
23:40:57.061 INFO [main] org.lenskit.cli.Main: If you use LensKit in published research, please see http://lenskit.org/research/
